MPASM 5.87                     ODEV2CODE.ASM   4-10-2026  14:13:56         PAGE  1


LOC  OBJECT CODE     LINE SOURCE TEXT
  VALUE

                      00001 
                      00002 ; =============================================
                      00003 ; PIC16F628A - Üretim Hatt? Otomasyonu 
                      00004 ; RMW (Oku-De?i?tir-Yaz) Korumal? Versiyon
                      00005 ; =============================================
                      00006 
                      00007     LIST P=16F628A
                      00008     #INCLUDE <P16F628A.INC>
                      00001         LIST
                      00002 
                      00003 ;==========================================================================
                      00004 ; Build date : Jan 06 2020
                      00005 ;  MPASM PIC16F628A processor include
                      00006 ; 
                      00007 ;  (c) Copyright 1999-2020 Microchip Technology, All rights reserved
                      00008 ;==========================================================================
                      00009 
                      00386         LIST
2007   3F30           00009     __CONFIG _CP_OFF & _WDT_OFF & _PWRTE_ON & _MCLRE_ON & _INTRC_OSC_NOCLKOUT & _LVP_OFF & _BOREN_OFF
                      00010 
                      00011     CBLOCK 0x20
  00000020            00012         KAPASITE
  00000021            00013         SAYAC_B
  00000022            00014         SAYAC_E
  00000023            00015         MOTORLAR    
  00000024            00016         GEC1
  00000025            00017         GEC2
                      00018     ENDC
                      00019 
                      00020     ORG 0x00
0000   2???           00021     GOTO BASLANGIC
                      00022 
0001                  00023 BASLANGIC
0001   3007           00024     MOVLW   0x07
0002   009F           00025     MOVWF   CMCON
0003   1683 1303      00026     BANKSEL TRISA
0005   30FF           00027     MOVLW   b'11111111' 
Message[302]: Register in operand not in bank 0.  Ensure that bank bits are correct.
0006   0085           00028     MOVWF   TRISA
Message[302]: Register in operand not in bank 0.  Ensure that bank bits are correct.
0007   0186           00029     CLRF    TRISB      
0008   1283 1303      00030     BANKSEL PORTA
000A   0185           00031     CLRF    PORTA
000B   0186           00032     CLRF    PORTB
000C   01A0           00033     CLRF    KAPASITE
000D   01A1           00034     CLRF    SAYAC_B
000E   01A2           00035     CLRF    SAYAC_E
000F   01A3           00036     CLRF    MOTORLAR
                      00037 
0010                  00038 AYAR_DONGUSU
0010   1C05           00039     BTFSS   PORTA, 0   
0011   2???           00040     GOTO    BASLAT_BAK
                      00041     
MPASM 5.87                     ODEV2CODE.ASM   4-10-2026  14:13:56         PAGE  2


LOC  OBJECT CODE     LINE SOURCE TEXT
  VALUE

0012   0AA0           00042     INCF    KAPASITE, F 
0013   2???           00043     CALL    BEKLE
0014                  00044 BEKLE_RA0
0014   1805           00045     BTFSC   PORTA, 0    
0015   2???           00046     GOTO    BEKLE_RA0
0016   2???           00047     GOTO    AYAR_DONGUSU
                      00048 
0017                  00049 BASLAT_BAK
0017   1C85           00050     BTFSS   PORTA, 1   
0018   2???           00051     GOTO    AYAR_DONGUSU
                      00052     
0019   08A0           00053     MOVF    KAPASITE, F
001A   1903           00054     BTFSC   STATUS, Z   
001B   2???           00055     GOTO    AYAR_DONGUSU
                      00056 
                      00057   
                      00058     
001C   3003           00059     MOVLW   b'00000011' 
001D   00A3           00060     MOVWF   MOTORLAR    
001E   0086           00061     MOVWF   PORTB      
                      00062 
001F                  00063 URETIM_DONGUSU
                      00064     ; --------------------------------------
                      00065     ; --- BAYAN SENSÖR KONTROLÜ (RA2) ---
                      00066     ; --------------------------------------
001F   1C23           00067     BTFSS   MOTORLAR, 0 
0020   2???           00068     GOTO    ERKEK_BAK   
                      00069     
0021   1D05           00070     BTFSS   PORTA, 2    
0022   2???           00071     GOTO    ERKEK_BAK
                      00072     
0023   0AA1           00073     INCF    SAYAC_B, F
0024   2???           00074     CALL    BEKLE
0025                  00075 BEKLE_RA2
0025   1905           00076     BTFSC   PORTA, 2
0026   2???           00077     GOTO    BEKLE_RA2
                      00078     
                      00079   
0027   0820           00080     MOVF    KAPASITE, W
0028   0221           00081     SUBWF   SAYAC_B, W
0029   1D03           00082     BTFSS   STATUS, Z
002A   2???           00083     GOTO    ERKEK_BAK  
                      00084     
                      00085     
002B   1023           00086     BCF     MOTORLAR, 0 
002C   0823           00087     MOVF    MOTORLAR, W
002D   0086           00088     MOVWF   PORTB       
                      00089 
002E                  00090 ERKEK_BAK
                      00091     ; --------------------------------------
                      00092     ; --- ERKEK SENSÖR KONTROLÜ (RA3) ---
                      00093     ; --------------------------------------
002E   1CA3           00094     BTFSS   MOTORLAR, 1 
MPASM 5.87                     ODEV2CODE.ASM   4-10-2026  14:13:56         PAGE  3


LOC  OBJECT CODE     LINE SOURCE TEXT
  VALUE

002F   2???           00095     GOTO    URETIM_DEVAM
                      00096     
0030   1D85           00097     BTFSS   PORTA, 3  
0031   2???           00098     GOTO    URETIM_DEVAM
                      00099     
0032   0AA2           00100     INCF    SAYAC_E, F
0033   2???           00101     CALL    BEKLE
0034                  00102 BEKLE_RA3
0034   1985           00103     BTFSC   PORTA, 3
0035   2???           00104     GOTO    BEKLE_RA3
                      00105     
                      00106     
0036   0820           00107     MOVF    KAPASITE, W
0037   0222           00108     SUBWF   SAYAC_E, W
0038   1D03           00109     BTFSS   STATUS, Z
0039   2???           00110     GOTO    URETIM_DEVAM
                      00111     
                      00112   
003A   10A3           00113     BCF     MOTORLAR, 1 
003B   0823           00114     MOVF    MOTORLAR, W
003C   0086           00115     MOVWF   PORTB      
                      00116 
003D                  00117 URETIM_DEVAM
003D   2???           00118     GOTO    URETIM_DONGUSU
                      00119 
003E                  00120 BEKLE
003E   30FF           00121     MOVLW   .255
003F   00A4           00122     MOVWF   GEC1
0040   3064           00123 L1  MOVLW   .100
0041   00A5           00124     MOVWF   GEC2
0042   0BA5           00125 L2  DECFSZ  GEC2, F
0043   2???           00126     GOTO    L2
0044   0BA4           00127     DECFSZ  GEC1, F
0045   2???           00128     GOTO    L1
0046   0008           00129     RETURN
                      00130 
3F30                  00131     END
MPASM 5.87                     ODEV2CODE.ASM   4-10-2026  14:13:56         PAGE  4


SYMBOL TABLE
  LABEL                             VALUE 

ADDEN                             00000003
ADEN                              00000003
AYAR_DONGUSU                      00000010
BASLANGIC                         00000001
BASLAT_BAK                        00000017
BEKLE                             0000003E
BEKLE_RA0                         00000014
BEKLE_RA2                         00000025
BEKLE_RA3                         00000034
BRGH                              00000002
C                                 00000000
C1INV                             00000004
C1OUT                             00000006
C2INV                             00000005
C2OUT                             00000007
CCP1CON                           00000017
CCP1IE                            00000002
CCP1IF                            00000002
CCP1M0                            00000000
CCP1M1                            00000001
CCP1M2                            00000002
CCP1M3                            00000003
CCP1X                             00000005
CCP1Y                             00000004
CCPR1                             00000015
CCPR1H                            00000016
CCPR1L                            00000015
CIS                               00000003
CM0                               00000000
CM1                               00000001
CM2                               00000002
CMCON                             0000001F
CMIE                              00000006
CMIF                              00000006
CREN                              00000004
CSRC                              00000007
DATA_CP_OFF                       00003FFF
DATA_CP_ON                        00003EFF
DC                                00000001
EEADR                             0000009B
EECON1                            0000009C
EECON2                            0000009D
EEDATA                            0000009A
EEIE                              00000007
EEIF                              00000007
ERKEK_BAK                         0000002E
F                                 00000001
FERR                              00000002
FSR                               00000004
GEC1                              00000024
GEC2                              00000025
GIE                               00000007
INDF                              00000000
MPASM 5.87                     ODEV2CODE.ASM   4-10-2026  14:13:56         PAGE  5


SYMBOL TABLE
  LABEL                             VALUE 

INTCON                            0000000B
INTE                              00000004
INTEDG                            00000006
INTF                              00000001
IRP                               00000007
KAPASITE                          00000020
L1                                00000040
L2                                00000042
MOTORLAR                          00000023
NOT_BO                            00000000
NOT_BOD                           00000000
NOT_BOR                           00000000
NOT_PD                            00000003
NOT_POR                           00000001
NOT_RBPU                          00000007
NOT_T1SYNC                        00000002
NOT_TO                            00000004
OERR                              00000001
OPTION_REG                        00000081
OSCF                              00000003
PCL                               00000002
PCLATH                            0000000A
PCON                              0000008E
PEIE                              00000006
PIE1                              0000008C
PIR1                              0000000C
PORTA                             00000005
PORTB                             00000006
PR2                               00000092
PS0                               00000000
PS1                               00000001
PS2                               00000002
PSA                               00000003
RA0                               00000000
RA1                               00000001
RA2                               00000002
RA3                               00000003
RA4                               00000004
RA5                               00000005
RA6                               00000006
RA7                               00000007
RB0                               00000000
RB1                               00000001
RB2                               00000002
RB3                               00000003
RB4                               00000004
RB5                               00000005
RB6                               00000006
RB7                               00000007
RBIE                              00000003
RBIF                              00000000
RCIE                              00000005
RCIF                              00000005
MPASM 5.87                     ODEV2CODE.ASM   4-10-2026  14:13:56         PAGE  6


SYMBOL TABLE
  LABEL                             VALUE 

RCREG                             0000001A
RCSTA                             00000018
RD                                00000000
RP0                               00000005
RP1                               00000006
RX9                               00000006
RX9D                              00000000
SAYAC_B                           00000021
SAYAC_E                           00000022
SPBRG                             00000099
SPEN                              00000007
SREN                              00000005
STATUS                            00000003
SYNC                              00000004
T0CS                              00000005
T0IE                              00000005
T0IF                              00000002
T0SE                              00000004
T1CKPS0                           00000004
T1CKPS1                           00000005
T1CON                             00000010
T1OSCEN                           00000003
T2CKPS0                           00000000
T2CKPS1                           00000001
T2CON                             00000012
TMR0                              00000001
TMR0IE                            00000005
TMR0IF                            00000002
TMR1                              0000000E
TMR1CS                            00000001
TMR1H                             0000000F
TMR1IE                            00000000
TMR1IF                            00000000
TMR1L                             0000000E
TMR1ON                            00000000
TMR2                              00000011
TMR2IE                            00000001
TMR2IF                            00000001
TMR2ON                            00000002
TOUTPS0                           00000003
TOUTPS1                           00000004
TOUTPS2                           00000005
TOUTPS3                           00000006
TRISA                             00000085
TRISA0                            00000000
TRISA1                            00000001
TRISA2                            00000002
TRISA3                            00000003
TRISA4                            00000004
TRISA5                            00000005
TRISA6                            00000006
TRISA7                            00000007
TRISB                             00000086
MPASM 5.87                     ODEV2CODE.ASM   4-10-2026  14:13:56         PAGE  7


SYMBOL TABLE
  LABEL                             VALUE 

TRISB0                            00000000
TRISB1                            00000001
TRISB2                            00000002
TRISB3                            00000003
TRISB4                            00000004
TRISB5                            00000005
TRISB6                            00000006
TRISB7                            00000007
TRMT                              00000001
TX9                               00000006
TX9D                              00000000
TXEN                              00000005
TXIE                              00000004
TXIF                              00000004
TXREG                             00000019
TXSTA                             00000098
URETIM_DEVAM                      0000003D
URETIM_DONGUSU                    0000001F
VR0                               00000000
VR1                               00000001
VR2                               00000002
VR3                               00000003
VRCON                             0000009F
VREN                              00000007
VROE                              00000006
VRR                               00000005
W                                 00000000
WR                                00000001
WREN                              00000002
WRERR                             00000003
Z                                 00000002
_BODEN_OFF                        00003FBF
_BODEN_ON                         00003FFF
_BOREN_OFF                        00003FBF
_BOREN_ON                         00003FFF
_CONFIG                           00002007
_CPD_OFF                          00003FFF
_CPD_ON                           00003EFF
_CP_OFF                           00003FFF
_CP_ON                            00001FFF
_DEVID1                           00002006
_ER_OSC_CLKOUT                    00003FFF
_ER_OSC_NOCLKOUT                  00003FFE
_EXTCLK_OSC                       00003FEF
_FOSC_ECIO                        00003FEF
_FOSC_EXTRCCLK                    00003FFF
_FOSC_EXTRCIO                     00003FFE
_FOSC_HS                          00003FEE
_FOSC_INTOSCCLK                   00003FFD
_FOSC_INTOSCIO                    00003FFC
_FOSC_LP                          00003FEC
_FOSC_XT                          00003FED
_HS_OSC                           00003FEE
MPASM 5.87                     ODEV2CODE.ASM   4-10-2026  14:13:56         PAGE  8


SYMBOL TABLE
  LABEL                             VALUE 

_IDLOC0                           00002000
_IDLOC1                           00002001
_IDLOC2                           00002002
_IDLOC3                           00002003
_INTOSC_OSC_CLKOUT                00003FFD
_INTOSC_OSC_NOCLKOUT              00003FFC
_INTRC_OSC_CLKOUT                 00003FFD
_INTRC_OSC_NOCLKOUT               00003FFC
_LP_OSC                           00003FEC
_LVP_OFF                          00003F7F
_LVP_ON                           00003FFF
_MCLRE_OFF                        00003FDF
_MCLRE_ON                         00003FFF
_PWRTE_OFF                        00003FFF
_PWRTE_ON                         00003FF7
_RC_OSC_CLKOUT                    00003FFF
_RC_OSC_NOCLKOUT                  00003FFE
_WDTE_OFF                         00003FFB
_WDTE_ON                          00003FFF
_WDT_OFF                          00003FFB
_WDT_ON                           00003FFF
_XT_OSC                           00003FED
__16F628A                         00000001

Errors   :     0
Warnings :     0 reported,     0 suppressed
Messages :     2 reported,     0 suppressed

