MPASM 5.87                        DENEME.ASM   5-20-2026  18:56:42         PAGE  1


LOC  OBJECT CODE     LINE SOURCE TEXT
  VALUE

                      00001 
                      00002 
                      00003     LIST P=16F628A
                      00004 
                      00005     #INCLUDE <P16F628A.INC>
                      00001         LIST
                      00002 
                      00003 ;==========================================================================
                      00004 ; Build date : Jan 06 2020
                      00005 ;  MPASM PIC16F628A processor include
                      00006 ; 
                      00007 ;  (c) Copyright 1999-2020 Microchip Technology, All rights reserved
                      00008 ;==========================================================================
                      00009 
                      00386         LIST
                      00006 
2007   3F10           00007     __CONFIG _BOREN_OFF & _CP_OFF & _PWRTE_ON & _WDT_OFF & _LVP_OFF & _MCLRE_OFF & _INTOSC_OSC_NOCLKOUT
                      00008 
                      00009 
                      00010 
                      00011     ORG 0x000
                      00012 
0000   2???           00013     GOTO KURULUM
                      00014 
                      00015 
                      00016 
                      00017 ; --- KESME VEKTORU (INTERRUPT SERVISI) ---
                      00018 
                      00019     ORG 0x004
                      00020 
0004   2???           00021     GOTO ALARM_KESMESI
                      00022 
                      00023 
                      00024 
                      00025 ; --- BASLANGIC AYARLARI ---
                      00026 
0005                  00027 KURULUM
                      00028 
0005   3007           00029     MOVLW   0x07          ; PORTA'yi dijital moda al
                      00030 
0006   009F           00031     MOVWF   CMCON
                      00032 
                      00033 
                      00034 
0007   1683           00035     BSF     STATUS, RP0   ; Bank 1'e gec
                      00036 
0008   3000           00037     MOVLW   B'00000000'   ; PORTA hepsi cikis (Siren ve Biber Gazi)
                      00038 
Message[302]: Register in operand not in bank 0.  Ensure that bank bits are correct.
0009   0085           00039     MOVWF   TRISA
                      00040 
000A   30FF           00041     MOVLW   B'11111111'   ; PORTB hepsi giris (RB4-RB7 Sensorleri icin)
                      00042 
MPASM 5.87                        DENEME.ASM   5-20-2026  18:56:42         PAGE  2


LOC  OBJECT CODE     LINE SOURCE TEXT
  VALUE

Message[302]: Register in operand not in bank 0.  Ensure that bank bits are correct.
000B   0086           00043     MOVWF   TRISB
                      00044 
                      00045     
                      00046 
                      00047     ; Kesme Ayarlari
                      00048 
000C   3088           00049     MOVLW   B'10001000'   ; GIE=1 (Genel Kesme Acik), RBIE=1 (RB4-RB7 Degisiklik Kesmesi Acik)
                      00050 
000D   008B           00051     MOVWF   INTCON
                      00052 
000E   1283           00053     BCF     STATUS, RP0   ; Bank 0'a don
                      00054 
                      00055 
                      00056 
                      00057     ; Baslangicta her seyi kapat (Siren ve Gaz pasif)
                      00058 
000F   0185           00059     CLRF    PORTA
                      00060 
0010   2???           00061     GOTO    ANA_DONGU
                      00062 
                      00063 
                      00064 
                      00065 ; --- ANA DONGU (SENSÖR TET?KLENMED??? SÜRECE BURADA DÖNER) ---
                      00066 
0011                  00067 ANA_DONGU
                      00068 
                      00069     ; Soruda "sensör tetiklenmedi?i sürece ç?k??lar pasif kalacakt?r" denmi?.
                      00070 
                      00071     ; E?er kesmeden ç?k?p buraya geldiysek ve sensörler tekrar 0 olduysa ç?k??lar? temizle.
                      00072 
0011   0806           00073     MOVF    PORTB, W      ; PORTB'yi oku (Mevcut durumu ogrenmek ve kesme bayragini sifirlayabilmek icin
                             sart)
                      00074 
0012   39F0           00075     ANDLW   B'11110000'   ; Sadece RB4-RB7 pinlerine bak
                      00076 
0013   1903           00077     BTFSC   STATUS, Z     ; Eger hepsi 0 ise (Hirsiz yoksa Z=1 olur)
                      00078 
0014   0185           00079     CLRF    PORTA         ; Siren ve Gaz? kapat (Pasif yap)
                      00080 
0015   2???           00081     GOTO    ANA_DONGU
                      00082 
                      00083     ; --- KESME ALT PROGRAMI (BUZZER VE LED AKT?F) ---
0016                  00084 ALARM_KESMESI
                      00085     ; H?rs?z girdi!
                      00086     ; RA0 (Siren + Buzzer) ve RA1 (Biber Gaz?) pinlerini aktif ediyoruz.
0016   3003           00087     MOVLW   B'00000011'   
0017   0085           00088     MOVWF   PORTA         ; Hem buzzer ötecek, hem LED yanacak, hem gaz aç?lacak!
                      00089 
                      00090     ; Kesme bayra??n? temizle
0018   0806           00091     MOVF    PORTB, W      
0019   100B           00092     BCF     INTCON, RBIF  
001A   0009           00093     RETFIE                
MPASM 5.87                        DENEME.ASM   5-20-2026  18:56:42         PAGE  3


LOC  OBJECT CODE     LINE SOURCE TEXT
  VALUE

3F10                  00094     END
MPASM 5.87                        DENEME.ASM   5-20-2026  18:56:42         PAGE  4


SYMBOL TABLE
  LABEL                             VALUE 

ADDEN                             00000003
ADEN                              00000003
ALARM_KESMESI                     00000016
ANA_DONGU                         00000011
BRGH                              00000002
C                                 00000000
C1INV                             00000004
C1OUT                             00000006
C2INV                             00000005
C2OUT                             00000007
CCP1CON                           00000017
CCP1IE                            00000002
CCP1IF                            00000002
CCP1M0                            00000000
CCP1M1                            00000001
CCP1M2                            00000002
CCP1M3                            00000003
CCP1X                             00000005
CCP1Y                             00000004
CCPR1                             00000015
CCPR1H                            00000016
CCPR1L                            00000015
CIS                               00000003
CM0                               00000000
CM1                               00000001
CM2                               00000002
CMCON                             0000001F
CMIE                              00000006
CMIF                              00000006
CREN                              00000004
CSRC                              00000007
DATA_CP_OFF                       00003FFF
DATA_CP_ON                        00003EFF
DC                                00000001
EEADR                             0000009B
EECON1                            0000009C
EECON2                            0000009D
EEDATA                            0000009A
EEIE                              00000007
EEIF                              00000007
F                                 00000001
FERR                              00000002
FSR                               00000004
GIE                               00000007
INDF                              00000000
INTCON                            0000000B
INTE                              00000004
INTEDG                            00000006
INTF                              00000001
IRP                               00000007
KURULUM                           00000005
NOT_BO                            00000000
NOT_BOD                           00000000
MPASM 5.87                        DENEME.ASM   5-20-2026  18:56:42         PAGE  5


SYMBOL TABLE
  LABEL                             VALUE 

NOT_BOR                           00000000
NOT_PD                            00000003
NOT_POR                           00000001
NOT_RBPU                          00000007
NOT_T1SYNC                        00000002
NOT_TO                            00000004
OERR                              00000001
OPTION_REG                        00000081
OSCF                              00000003
PCL                               00000002
PCLATH                            0000000A
PCON                              0000008E
PEIE                              00000006
PIE1                              0000008C
PIR1                              0000000C
PORTA                             00000005
PORTB                             00000006
PR2                               00000092
PS0                               00000000
PS1                               00000001
PS2                               00000002
PSA                               00000003
RA0                               00000000
RA1                               00000001
RA2                               00000002
RA3                               00000003
RA4                               00000004
RA5                               00000005
RA6                               00000006
RA7                               00000007
RB0                               00000000
RB1                               00000001
RB2                               00000002
RB3                               00000003
RB4                               00000004
RB5                               00000005
RB6                               00000006
RB7                               00000007
RBIE                              00000003
RBIF                              00000000
RCIE                              00000005
RCIF                              00000005
RCREG                             0000001A
RCSTA                             00000018
RD                                00000000
RP0                               00000005
RP1                               00000006
RX9                               00000006
RX9D                              00000000
SPBRG                             00000099
SPEN                              00000007
SREN                              00000005
STATUS                            00000003
MPASM 5.87                        DENEME.ASM   5-20-2026  18:56:42         PAGE  6


SYMBOL TABLE
  LABEL                             VALUE 

SYNC                              00000004
T0CS                              00000005
T0IE                              00000005
T0IF                              00000002
T0SE                              00000004
T1CKPS0                           00000004
T1CKPS1                           00000005
T1CON                             00000010
T1OSCEN                           00000003
T2CKPS0                           00000000
T2CKPS1                           00000001
T2CON                             00000012
TMR0                              00000001
TMR0IE                            00000005
TMR0IF                            00000002
TMR1                              0000000E
TMR1CS                            00000001
TMR1H                             0000000F
TMR1IE                            00000000
TMR1IF                            00000000
TMR1L                             0000000E
TMR1ON                            00000000
TMR2                              00000011
TMR2IE                            00000001
TMR2IF                            00000001
TMR2ON                            00000002
TOUTPS0                           00000003
TOUTPS1                           00000004
TOUTPS2                           00000005
TOUTPS3                           00000006
TRISA                             00000085
TRISA0                            00000000
TRISA1                            00000001
TRISA2                            00000002
TRISA3                            00000003
TRISA4                            00000004
TRISA5                            00000005
TRISA6                            00000006
TRISA7                            00000007
TRISB                             00000086
TRISB0                            00000000
TRISB1                            00000001
TRISB2                            00000002
TRISB3                            00000003
TRISB4                            00000004
TRISB5                            00000005
TRISB6                            00000006
TRISB7                            00000007
TRMT                              00000001
TX9                               00000006
TX9D                              00000000
TXEN                              00000005
TXIE                              00000004
MPASM 5.87                        DENEME.ASM   5-20-2026  18:56:42         PAGE  7


SYMBOL TABLE
  LABEL                             VALUE 

TXIF                              00000004
TXREG                             00000019
TXSTA                             00000098
VR0                               00000000
VR1                               00000001
VR2                               00000002
VR3                               00000003
VRCON                             0000009F
VREN                              00000007
VROE                              00000006
VRR                               00000005
W                                 00000000
WR                                00000001
WREN                              00000002
WRERR                             00000003
Z                                 00000002
_BODEN_OFF                        00003FBF
_BODEN_ON                         00003FFF
_BOREN_OFF                        00003FBF
_BOREN_ON                         00003FFF
_CONFIG                           00002007
_CPD_OFF                          00003FFF
_CPD_ON                           00003EFF
_CP_OFF                           00003FFF
_CP_ON                            00001FFF
_DEVID1                           00002006
_ER_OSC_CLKOUT                    00003FFF
_ER_OSC_NOCLKOUT                  00003FFE
_EXTCLK_OSC                       00003FEF
_FOSC_ECIO                        00003FEF
_FOSC_EXTRCCLK                    00003FFF
_FOSC_EXTRCIO                     00003FFE
_FOSC_HS                          00003FEE
_FOSC_INTOSCCLK                   00003FFD
_FOSC_INTOSCIO                    00003FFC
_FOSC_LP                          00003FEC
_FOSC_XT                          00003FED
_HS_OSC                           00003FEE
_IDLOC0                           00002000
_IDLOC1                           00002001
_IDLOC2                           00002002
_IDLOC3                           00002003
_INTOSC_OSC_CLKOUT                00003FFD
_INTOSC_OSC_NOCLKOUT              00003FFC
_INTRC_OSC_CLKOUT                 00003FFD
_INTRC_OSC_NOCLKOUT               00003FFC
_LP_OSC                           00003FEC
_LVP_OFF                          00003F7F
_LVP_ON                           00003FFF
_MCLRE_OFF                        00003FDF
_MCLRE_ON                         00003FFF
_PWRTE_OFF                        00003FFF
_PWRTE_ON                         00003FF7
MPASM 5.87                        DENEME.ASM   5-20-2026  18:56:42         PAGE  8


SYMBOL TABLE
  LABEL                             VALUE 

_RC_OSC_CLKOUT                    00003FFF
_RC_OSC_NOCLKOUT                  00003FFE
_WDTE_OFF                         00003FFB
_WDTE_ON                          00003FFF
_WDT_OFF                          00003FFB
_WDT_ON                           00003FFF
_XT_OSC                           00003FED
__16F628A                         00000001

Errors   :     0
Warnings :     0 reported,     0 suppressed
Messages :     2 reported,     0 suppressed

