MPASM 5.87                     ODEV3CODE.ASM   5-20-2026  18:22:33         PAGE  1


LOC  OBJECT CODE     LINE SOURCE TEXT
  VALUE

Warning[205]: Found directive in column 1. (LIST)
                      00001 LIST P=16F628A
                      00002     INCLUDE "P16F628A.INC"
                      00001         LIST
                      00002 
                      00003 ;==========================================================================
                      00004 ; Build date : Jan 06 2020
                      00005 ;  MPASM PIC16F628A processor include
                      00006 ; 
                      00007 ;  (c) Copyright 1999-2020 Microchip Technology, All rights reserved
                      00008 ;==========================================================================
                      00009 
                      00386         LIST
                      00003     
                      00004   
2007   3F30           00005     __CONFIG _FOSC_INTOSCIO & _WDTE_OFF & _PWRTE_ON & _MCLRE_ON & _BOREN_OFF & _LVP_OFF & _CPD_OFF & _CP
                            _OFF
                      00006 
                      00007    
                      00008     
                      00009     CBLOCK 0x20
  00000020            00010         DELAY_SEC       
  00000021            00011         TMR0_COUNT     
  00000022            00012         PED_COOLDOWN    
  00000023            00013         PED_FLAG       
  00000024            00014         TEMP_W          
                      00015     ENDC
                      00016 
                      00017     ORG 0x00
0000   2???           00018     GOTO INIT
                      00019 
                      00020  
0001                  00021 INIT:
                      00022    
0001   3007           00023     MOVLW 0x07
0002   009F           00024     MOVWF CMCON
                      00025 
0003   1683           00026     BSF STATUS, RP0
                      00027 
                      00028    
0004   301F           00029     MOVLW 0x1F     
Message[302]: Register in operand not in bank 0.  Ensure that bank bits are correct.
0005   0085           00030     MOVWF TRISA
Message[302]: Register in operand not in bank 0.  Ensure that bank bits are correct.
0006   0186           00031     CLRF TRISB     
                      00032 
0007   30D7           00033     MOVLW B'11010111' 
Message[302]: Register in operand not in bank 0.  Ensure that bank bits are correct.
0008   0081           00034     MOVWF OPTION_REG
                      00035 
0009   1283           00036     BCF STATUS, RP0
                      00037 
000A   01A2           00038     CLRF PED_COOLDOWN
MPASM 5.87                     ODEV3CODE.ASM   5-20-2026  18:22:33         PAGE  2


LOC  OBJECT CODE     LINE SOURCE TEXT
  VALUE

000B   01A3           00039     CLRF PED_FLAG
                      00040     
                      00041    
000C   30AA           00042     MOVLW B'10101010' 
000D   0086           00043     MOVWF PORTB
                      00044 
                      00045 
000E                  00046 MAIN:
                      00047   
000E   1C05           00048     BTFSS PORTA, 0     
000F   2???           00049     GOTO CHECK_YOL2     
                      00050     
                      00051    
0010   30A9           00052     MOVLW B'10101001'  
0011   0086           00053     MOVWF PORTB
0012   3004           00054     MOVLW D'4'        
0013   2???           00055     CALL DELAY_ROUTINE
0014   2???           00056     CALL PEDESTRIAN_CHECK
                      00057 
0015                  00058 CHECK_YOL2:
                      00059     
0015   1C85           00060     BTFSS PORTA, 1    
0016   2???           00061     GOTO CHECK_YOL3     
                      00062     
0017   30A6           00063     MOVLW B'10100110'  
0018   0086           00064     MOVWF PORTB
0019   3003           00065     MOVLW D'3'         
001A   2???           00066     CALL DELAY_ROUTINE
001B   2???           00067     CALL PEDESTRIAN_CHECK
                      00068 
001C                  00069 CHECK_YOL3:
                      00070   
001C   1D05           00071     BTFSS PORTA, 2       
001D   2???           00072     GOTO CHECK_YOL4     
                      00073     
001E   309A           00074     MOVLW B'10011010' 
001F   0086           00075     MOVWF PORTB
0020   3004           00076     MOVLW D'4'        
0021   2???           00077     CALL DELAY_ROUTINE
0022   2???           00078     CALL PEDESTRIAN_CHECK
                      00079 
0023                  00080 CHECK_YOL4:
                      00081 
0023   1D85           00082     BTFSS PORTA, 3      
0024   2???           00083     GOTO MAIN          
                      00084     
0025   306A           00085     MOVLW B'01101010'   
0026   0086           00086     MOVWF PORTB
0027   3003           00087     MOVLW D'3'        
0028   2???           00088     CALL DELAY_ROUTINE
0029   2???           00089     CALL PEDESTRIAN_CHECK
                      00090 
002A   2???           00091     GOTO MAIN           
MPASM 5.87                     ODEV3CODE.ASM   5-20-2026  18:22:33         PAGE  3


LOC  OBJECT CODE     LINE SOURCE TEXT
  VALUE

                      00092 
                      00093 
002B                  00094 PEDESTRIAN_CHECK:
002B   1C23           00095     BTFSS PED_FLAG, 0   
002C   0008           00096     RETURN              
                      00097 
                      00098    
002D   30AA           00099     MOVLW B'10101010'   
002E   0086           00100     MOVWF PORTB
002F   3002           00101     MOVLW D'2'         
                      00102    
0030   00A0           00103     MOVWF DELAY_SEC
0031                  00104 PED_DELAY_LOOP:
0031   2???           00105     CALL ONE_SEC_DELAY
0032   0BA0           00106     DECFSZ DELAY_SEC, F
0033   2???           00107     GOTO PED_DELAY_LOOP
                      00108 
0034   01A3           00109     CLRF PED_FLAG     
0035   300C           00110     MOVLW D'12'       
0036   00A2           00111     MOVWF PED_COOLDOWN
0037   0008           00112     RETURN
                      00113 
0038                  00114 DELAY_ROUTINE:
0038   00A0           00115     MOVWF DELAY_SEC
0039                  00116 DELAY_LOOP:
0039   2???           00117     CALL ONE_SEC_DELAY
                      00118     
                      00119     
003A   08A2           00120     MOVF PED_COOLDOWN, F 
003B   1D03           00121     BTFSS STATUS, Z
003C   2???           00122     GOTO DECREMENT_SEC  
                      00123     
003D   1A05           00124     BTFSC PORTA, 4       
003E   1423           00125     BSF PED_FLAG, 0       
                      00126 
003F                  00127 DECREMENT_SEC:
003F   0BA0           00128     DECFSZ DELAY_SEC, F  
0040   2???           00129     GOTO DELAY_LOOP
0041   0008           00130     RETURN
                      00131 
0042                  00132 ONE_SEC_DELAY:
                      00133    
0042   08A2           00134     MOVF PED_COOLDOWN, F
0043   1903           00135     BTFSC STATUS, Z
0044   2???           00136     GOTO DO_DELAY
0045   03A2           00137     DECF PED_COOLDOWN, F 
                      00138 
0046                  00139 DO_DELAY:
0046   300F           00140     MOVLW D'15'           
0047   00A1           00141     MOVWF TMR0_COUNT
                      00142 
0048                  00143 TMR0_WAIT:
0048   110B           00144     BCF INTCON, T0IF     
MPASM 5.87                     ODEV3CODE.ASM   5-20-2026  18:22:33         PAGE  4


LOC  OBJECT CODE     LINE SOURCE TEXT
  VALUE

0049   0181           00145     CLRF TMR0            
004A                  00146 TMR0_POLL:
004A   1D0B           00147     BTFSS INTCON, T0IF   
004B   2???           00148     GOTO TMR0_POLL       
                      00149     
004C   0BA1           00150     DECFSZ TMR0_COUNT, F 
004D   2???           00151     GOTO TMR0_WAIT      
004E   0008           00152     RETURN
                      00153 
3F30                  00154     END
MPASM 5.87                     ODEV3CODE.ASM   5-20-2026  18:22:33         PAGE  5


SYMBOL TABLE
  LABEL                             VALUE 

ADDEN                             00000003
ADEN                              00000003
BRGH                              00000002
C                                 00000000
C1INV                             00000004
C1OUT                             00000006
C2INV                             00000005
C2OUT                             00000007
CCP1CON                           00000017
CCP1IE                            00000002
CCP1IF                            00000002
CCP1M0                            00000000
CCP1M1                            00000001
CCP1M2                            00000002
CCP1M3                            00000003
CCP1X                             00000005
CCP1Y                             00000004
CCPR1                             00000015
CCPR1H                            00000016
CCPR1L                            00000015
CHECK_YOL2                        00000015
CHECK_YOL3                        0000001C
CHECK_YOL4                        00000023
CIS                               00000003
CM0                               00000000
CM1                               00000001
CM2                               00000002
CMCON                             0000001F
CMIE                              00000006
CMIF                              00000006
CREN                              00000004
CSRC                              00000007
DATA_CP_OFF                       00003FFF
DATA_CP_ON                        00003EFF
DC                                00000001
DECREMENT_SEC                     0000003F
DELAY_LOOP                        00000039
DELAY_ROUTINE                     00000038
DELAY_SEC                         00000020
DO_DELAY                          00000046
EEADR                             0000009B
EECON1                            0000009C
EECON2                            0000009D
EEDATA                            0000009A
EEIE                              00000007
EEIF                              00000007
F                                 00000001
FERR                              00000002
FSR                               00000004
GIE                               00000007
INDF                              00000000
INIT                              00000001
INTCON                            0000000B
MPASM 5.87                     ODEV3CODE.ASM   5-20-2026  18:22:33         PAGE  6


SYMBOL TABLE
  LABEL                             VALUE 

INTE                              00000004
INTEDG                            00000006
INTF                              00000001
IRP                               00000007
MAIN                              0000000E
NOT_BO                            00000000
NOT_BOD                           00000000
NOT_BOR                           00000000
NOT_PD                            00000003
NOT_POR                           00000001
NOT_RBPU                          00000007
NOT_T1SYNC                        00000002
NOT_TO                            00000004
OERR                              00000001
ONE_SEC_DELAY                     00000042
OPTION_REG                        00000081
OSCF                              00000003
PCL                               00000002
PCLATH                            0000000A
PCON                              0000008E
PEDESTRIAN_CHECK                  0000002B
PED_COOLDOWN                      00000022
PED_DELAY_LOOP                    00000031
PED_FLAG                          00000023
PEIE                              00000006
PIE1                              0000008C
PIR1                              0000000C
PORTA                             00000005
PORTB                             00000006
PR2                               00000092
PS0                               00000000
PS1                               00000001
PS2                               00000002
PSA                               00000003
RA0                               00000000
RA1                               00000001
RA2                               00000002
RA3                               00000003
RA4                               00000004
RA5                               00000005
RA6                               00000006
RA7                               00000007
RB0                               00000000
RB1                               00000001
RB2                               00000002
RB3                               00000003
RB4                               00000004
RB5                               00000005
RB6                               00000006
RB7                               00000007
RBIE                              00000003
RBIF                              00000000
RCIE                              00000005
MPASM 5.87                     ODEV3CODE.ASM   5-20-2026  18:22:33         PAGE  7


SYMBOL TABLE
  LABEL                             VALUE 

RCIF                              00000005
RCREG                             0000001A
RCSTA                             00000018
RD                                00000000
RP0                               00000005
RP1                               00000006
RX9                               00000006
RX9D                              00000000
SPBRG                             00000099
SPEN                              00000007
SREN                              00000005
STATUS                            00000003
SYNC                              00000004
T0CS                              00000005
T0IE                              00000005
T0IF                              00000002
T0SE                              00000004
T1CKPS0                           00000004
T1CKPS1                           00000005
T1CON                             00000010
T1OSCEN                           00000003
T2CKPS0                           00000000
T2CKPS1                           00000001
T2CON                             00000012
TEMP_W                            00000024
TMR0                              00000001
TMR0IE                            00000005
TMR0IF                            00000002
TMR0_COUNT                        00000021
TMR0_POLL                         0000004A
TMR0_WAIT                         00000048
TMR1                              0000000E
TMR1CS                            00000001
TMR1H                             0000000F
TMR1IE                            00000000
TMR1IF                            00000000
TMR1L                             0000000E
TMR1ON                            00000000
TMR2                              00000011
TMR2IE                            00000001
TMR2IF                            00000001
TMR2ON                            00000002
TOUTPS0                           00000003
TOUTPS1                           00000004
TOUTPS2                           00000005
TOUTPS3                           00000006
TRISA                             00000085
TRISA0                            00000000
TRISA1                            00000001
TRISA2                            00000002
TRISA3                            00000003
TRISA4                            00000004
TRISA5                            00000005
MPASM 5.87                     ODEV3CODE.ASM   5-20-2026  18:22:33         PAGE  8


SYMBOL TABLE
  LABEL                             VALUE 

TRISA6                            00000006
TRISA7                            00000007
TRISB                             00000086
TRISB0                            00000000
TRISB1                            00000001
TRISB2                            00000002
TRISB3                            00000003
TRISB4                            00000004
TRISB5                            00000005
TRISB6                            00000006
TRISB7                            00000007
TRMT                              00000001
TX9                               00000006
TX9D                              00000000
TXEN                              00000005
TXIE                              00000004
TXIF                              00000004
TXREG                             00000019
TXSTA                             00000098
VR0                               00000000
VR1                               00000001
VR2                               00000002
VR3                               00000003
VRCON                             0000009F
VREN                              00000007
VROE                              00000006
VRR                               00000005
W                                 00000000
WR                                00000001
WREN                              00000002
WRERR                             00000003
Z                                 00000002
_BODEN_OFF                        00003FBF
_BODEN_ON                         00003FFF
_BOREN_OFF                        00003FBF
_BOREN_ON                         00003FFF
_CONFIG                           00002007
_CPD_OFF                          00003FFF
_CPD_ON                           00003EFF
_CP_OFF                           00003FFF
_CP_ON                            00001FFF
_DEVID1                           00002006
_ER_OSC_CLKOUT                    00003FFF
_ER_OSC_NOCLKOUT                  00003FFE
_EXTCLK_OSC                       00003FEF
_FOSC_ECIO                        00003FEF
_FOSC_EXTRCCLK                    00003FFF
_FOSC_EXTRCIO                     00003FFE
_FOSC_HS                          00003FEE
_FOSC_INTOSCCLK                   00003FFD
_FOSC_INTOSCIO                    00003FFC
_FOSC_LP                          00003FEC
_FOSC_XT                          00003FED
MPASM 5.87                     ODEV3CODE.ASM   5-20-2026  18:22:33         PAGE  9


SYMBOL TABLE
  LABEL                             VALUE 

_HS_OSC                           00003FEE
_IDLOC0                           00002000
_IDLOC1                           00002001
_IDLOC2                           00002002
_IDLOC3                           00002003
_INTOSC_OSC_CLKOUT                00003FFD
_INTOSC_OSC_NOCLKOUT              00003FFC
_INTRC_OSC_CLKOUT                 00003FFD
_INTRC_OSC_NOCLKOUT               00003FFC
_LP_OSC                           00003FEC
_LVP_OFF                          00003F7F
_LVP_ON                           00003FFF
_MCLRE_OFF                        00003FDF
_MCLRE_ON                         00003FFF
_PWRTE_OFF                        00003FFF
_PWRTE_ON                         00003FF7
_RC_OSC_CLKOUT                    00003FFF
_RC_OSC_NOCLKOUT                  00003FFE
_WDTE_OFF                         00003FFB
_WDTE_ON                          00003FFF
_WDT_OFF                          00003FFB
_WDT_ON                           00003FFF
_XT_OSC                           00003FED
__16F628A                         00000001

Errors   :     0
Warnings :     1 reported,     0 suppressed
Messages :     3 reported,     0 suppressed

